--------------- Clean Started: 08/01/2014 11:51:22 Project: Bootloadable Blinking LED, Configuration: ARM GCC 4.7.3 Debug ---------------
Deleting file ".\CortexM0\ARM_GCC_473\Debug\main.o"
Deleting file ".\CortexM0\ARM_GCC_473\Debug\cyfitter_cfg.o"
Deleting file ".\CortexM0\ARM_GCC_473\Debug\cybootloader.o"
Deleting file ".\CortexM0\ARM_GCC_473\Debug\cymetadata.o"
Deleting file ".\CortexM0\ARM_GCC_473\Debug\Bootloadable.o"
Deleting file ".\CortexM0\ARM_GCC_473\Debug\Cm0Start.o"
Deleting file ".\CortexM0\ARM_GCC_473\Debug\CyBootAsmGnu.o"
Deleting file ".\CortexM0\ARM_GCC_473\Debug\CyFlash.o"
Deleting file ".\CortexM0\ARM_GCC_473\Debug\CyLib.o"
Deleting file ".\CortexM0\ARM_GCC_473\Debug\cyPm.o"
Deleting file ".\CortexM0\ARM_GCC_473\Debug\cyutils.o"
Deleting file ".\CortexM0\ARM_GCC_473\Debug\Clock_1.o"
Deleting file ".\CortexM0\ARM_GCC_473\Debug\PWM_Red.o"
Deleting file ".\CortexM0\ARM_GCC_473\Debug\PWM_Red_PM.o"
Deleting file ".\CortexM0\ARM_GCC_473\Debug\PWM_Blue.o"
Deleting file ".\CortexM0\ARM_GCC_473\Debug\PWM_Blue_PM.o"
Deleting file ".\CortexM0\ARM_GCC_473\Debug\Clock_2.o"
Deleting file ".\CortexM0\ARM_GCC_473\Debug\Clock_3.o"
Deleting file ".\CortexM0\ARM_GCC_473\Debug\PWM_Green.o"
Deleting file ".\CortexM0\ARM_GCC_473\Debug\PWM_Green_PM.o"
Deleting file ".\CortexM0\ARM_GCC_473\Debug\Green.o"
Deleting file ".\CortexM0\ARM_GCC_473\Debug\PWM_Yellow.o"
Deleting file ".\CortexM0\ARM_GCC_473\Debug\PWM_Yellow_PM.o"
Deleting file ".\CortexM0\ARM_GCC_473\Debug\Clock_4.o"
Deleting file ".\CortexM0\ARM_GCC_473\Debug\Yellow.o"
Deleting file ".\CortexM0\ARM_GCC_473\Debug\Blue.o"
Deleting file ".\CortexM0\ARM_GCC_473\Debug\Red.o"
Deleting file ".\CortexM0\ARM_GCC_473\Debug\Bootloadable Blinking LED.hex"
Deleting file ".\CortexM0\ARM_GCC_473\Debug\Bootloadable Blinking LED.elf"
Deleting file ".\CortexM0\ARM_GCC_473\Debug\Bootloadable Blinking LED.map"
Deleting file ".\CortexM0\ARM_GCC_473\Debug\Bootloadable Blinking LED.cyacd"
Deleting file ".\Bootloadable Blinking LED.cycdx"
Deleting file ".\Bootloadable Blinking LED.rpt"
Deleting file ".\Bootloadable Blinking LED_timing.html"
Deleting file ".\CortexM0\ARM_GCC_473\Debug\.deps\C_FILE.P"
Deleting file ".\CortexM0\ARM_GCC_473\Debug\.deps\ARM_C_FILE.P"
Deleting file ".\CortexM0\ARM_GCC_473\Debug\.deps\GNU_ARM_ASM_FILE.P"
--------------- Clean Succeeded: 08/01/2014 11:51:23 ---------------
