--------------- Build Started: 08/01/2014 11:59:08 Project: Bootloadable Blinking LED, Configuration: ARM GCC 4.7.3 Debug ---------------
cydsfit.exe "-.appdatapath" "C:\Users\Terrance\AppData\Local\Cypress Semiconductor\PSoC Creator\3.0" "-.fdsnotice" "-.fdswarpdepfile=warp_dependencies.txt" "-.fdselabdepfile=elab_dependencies.txt" "-.fdsbldfile=generated_files.txt" "-p" "C:\Users\Terrance\Documents\PSoC Creator\SCB_Bootloader_42xx\Bootloadable Blinking LED.cydsn\Bootloadable Blinking LED.cyprj" "-d" "CY8C4245AXI-483" "-s" "C:\Users\Terrance\Documents\PSoC Creator\SCB_Bootloader_42xx\Bootloadable Blinking LED.cydsn\Generated_Source\PSoC4" "--" "-yv2" "-v3" "-ygs" "-q10" "-o2" "-.fftcfgtype=LE"
Elaborating Design...
HDL Generation ...
Synthesis ...
Place and Route ...
Tech mapping ...
Info: mpr.M0037: Unused pieces of the design have been optimized out. See the Tech mapping section of the report file for details. (App=cydsfit)
Analog Placement ...
Analog Routing ...
Analog Code Generation ...
Digital Placement ...
Digital Routing ...
Bitstream Generation ...
Static timing analysis ...
API Generation ...
Dependency Generation ...
Clean Temporary Files ...
arm-none-eabi-gcc.exe -I. -I./Generated_Source/PSoC4 -Wno-main -mcpu=cortex-m0 -mthumb -Wall -g -D DEBUG -Wa,-alh=.\CortexM0\ARM_GCC_473\Debug\main.lst -ffunction-sections -c .\main.c -o .\CortexM0\ARM_GCC_473\Debug\main.o
arm-none-eabi-gcc.exe -I. -I./Generated_Source/PSoC4 -Wno-main -mcpu=cortex-m0 -mthumb -Wall -g -D DEBUG -Wa,-alh=.\CortexM0\ARM_GCC_473\Debug\cyfitter_cfg.lst -ffunction-sections -c .\Generated_Source\PSoC4\cyfitter_cfg.c -o .\CortexM0\ARM_GCC_473\Debug\cyfitter_cfg.o
arm-none-eabi-gcc.exe -I. -I./Generated_Source/PSoC4 -Wno-main -mcpu=cortex-m0 -mthumb -Wall -g -D DEBUG -Wa,-alh=.\CortexM0\ARM_GCC_473\Debug\cybootloader.lst -ffunction-sections -c .\Generated_Source\PSoC4\cybootloader.c -o .\CortexM0\ARM_GCC_473\Debug\cybootloader.o
arm-none-eabi-gcc.exe -I. -I./Generated_Source/PSoC4 -Wno-main -mcpu=cortex-m0 -mthumb -Wall -g -D DEBUG -Wa,-alh=.\CortexM0\ARM_GCC_473\Debug\cymetadata.lst -ffunction-sections -c .\Generated_Source\PSoC4\cymetadata.c -o .\CortexM0\ARM_GCC_473\Debug\cymetadata.o
arm-none-eabi-gcc.exe -I. -I./Generated_Source/PSoC4 -Wno-main -mcpu=cortex-m0 -mthumb -Wall -g -D DEBUG -Wa,-alh=.\CortexM0\ARM_GCC_473\Debug\Bootloadable.lst -ffunction-sections -c .\Generated_Source\PSoC4\Bootloadable.c -o .\CortexM0\ARM_GCC_473\Debug\Bootloadable.o
arm-none-eabi-gcc.exe -I. -I./Generated_Source/PSoC4 -Wno-main -mcpu=cortex-m0 -mthumb -Wall -g -D DEBUG -Wa,-alh=.\CortexM0\ARM_GCC_473\Debug\Cm0Start.lst -ffunction-sections -c .\Generated_Source\PSoC4\Cm0Start.c -o .\CortexM0\ARM_GCC_473\Debug\Cm0Start.o
arm-none-eabi-gcc.exe -I. -I./Generated_Source/PSoC4 -Wno-main -mcpu=cortex-m0 -mthumb -Wall -g -D DEBUG -Wa,-alh=.\CortexM0\ARM_GCC_473\Debug\CyFlash.lst -ffunction-sections -c .\Generated_Source\PSoC4\CyFlash.c -o .\CortexM0\ARM_GCC_473\Debug\CyFlash.o
arm-none-eabi-gcc.exe -I. -I./Generated_Source/PSoC4 -Wno-main -mcpu=cortex-m0 -mthumb -Wall -g -D DEBUG -Wa,-alh=.\CortexM0\ARM_GCC_473\Debug\CyLib.lst -ffunction-sections -c .\Generated_Source\PSoC4\CyLib.c -o .\CortexM0\ARM_GCC_473\Debug\CyLib.o
arm-none-eabi-gcc.exe -I. -I./Generated_Source/PSoC4 -Wno-main -mcpu=cortex-m0 -mthumb -Wall -g -D DEBUG -Wa,-alh=.\CortexM0\ARM_GCC_473\Debug\cyPm.lst -ffunction-sections -c .\Generated_Source\PSoC4\cyPm.c -o .\CortexM0\ARM_GCC_473\Debug\cyPm.o
arm-none-eabi-gcc.exe -I. -I./Generated_Source/PSoC4 -Wno-main -mcpu=cortex-m0 -mthumb -Wall -g -D DEBUG -Wa,-alh=.\CortexM0\ARM_GCC_473\Debug\cyutils.lst -ffunction-sections -c .\Generated_Source\PSoC4\cyutils.c -o .\CortexM0\ARM_GCC_473\Debug\cyutils.o
arm-none-eabi-gcc.exe -I. -I./Generated_Source/PSoC4 -Wno-main -mcpu=cortex-m0 -mthumb -Wall -g -D DEBUG -Wa,-alh=.\CortexM0\ARM_GCC_473\Debug\Clock_1.lst -ffunction-sections -c .\Generated_Source\PSoC4\Clock_1.c -o .\CortexM0\ARM_GCC_473\Debug\Clock_1.o
arm-none-eabi-gcc.exe -I. -I./Generated_Source/PSoC4 -Wno-main -mcpu=cortex-m0 -mthumb -Wall -g -D DEBUG -Wa,-alh=.\CortexM0\ARM_GCC_473\Debug\PWM_Red.lst -ffunction-sections -c .\Generated_Source\PSoC4\PWM_Red.c -o .\CortexM0\ARM_GCC_473\Debug\PWM_Red.o
arm-none-eabi-gcc.exe -I. -I./Generated_Source/PSoC4 -Wno-main -mcpu=cortex-m0 -mthumb -Wall -g -D DEBUG -Wa,-alh=.\CortexM0\ARM_GCC_473\Debug\PWM_Red_PM.lst -ffunction-sections -c .\Generated_Source\PSoC4\PWM_Red_PM.c -o .\CortexM0\ARM_GCC_473\Debug\PWM_Red_PM.o
arm-none-eabi-gcc.exe -I. -I./Generated_Source/PSoC4 -Wno-main -mcpu=cortex-m0 -mthumb -Wall -g -D DEBUG -Wa,-alh=.\CortexM0\ARM_GCC_473\Debug\Clock_2.lst -ffunction-sections -c .\Generated_Source\PSoC4\Clock_2.c -o .\CortexM0\ARM_GCC_473\Debug\Clock_2.o
arm-none-eabi-gcc.exe -I. -I./Generated_Source/PSoC4 -Wno-main -mcpu=cortex-m0 -mthumb -Wall -g -D DEBUG -Wa,-alh=.\CortexM0\ARM_GCC_473\Debug\Clock_3.lst -ffunction-sections -c .\Generated_Source\PSoC4\Clock_3.c -o .\CortexM0\ARM_GCC_473\Debug\Clock_3.o
arm-none-eabi-gcc.exe -I. -I./Generated_Source/PSoC4 -Wno-main -mcpu=cortex-m0 -mthumb -Wall -g -D DEBUG -Wa,-alh=.\CortexM0\ARM_GCC_473\Debug\Green.lst -ffunction-sections -c .\Generated_Source\PSoC4\Green.c -o .\CortexM0\ARM_GCC_473\Debug\Green.o
arm-none-eabi-gcc.exe -I. -I./Generated_Source/PSoC4 -Wno-main -mcpu=cortex-m0 -mthumb -Wall -g -D DEBUG -Wa,-alh=.\CortexM0\ARM_GCC_473\Debug\Yellow.lst -ffunction-sections -c .\Generated_Source\PSoC4\Yellow.c -o .\CortexM0\ARM_GCC_473\Debug\Yellow.o
arm-none-eabi-gcc.exe -I. -I./Generated_Source/PSoC4 -Wno-main -mcpu=cortex-m0 -mthumb -Wall -g -D DEBUG -Wa,-alh=.\CortexM0\ARM_GCC_473\Debug\Blue.lst -ffunction-sections -c .\Generated_Source\PSoC4\Blue.c -o .\CortexM0\ARM_GCC_473\Debug\Blue.o
arm-none-eabi-gcc.exe -I. -I./Generated_Source/PSoC4 -Wno-main -mcpu=cortex-m0 -mthumb -Wall -g -D DEBUG -Wa,-alh=.\CortexM0\ARM_GCC_473\Debug\Red.lst -ffunction-sections -c .\Generated_Source\PSoC4\Red.c -o .\CortexM0\ARM_GCC_473\Debug\Red.o
arm-none-eabi-gcc.exe -I. -I./Generated_Source/PSoC4 -Wno-main -mcpu=cortex-m0 -mthumb -Wall -g -D DEBUG -Wa,-alh=.\CortexM0\ARM_GCC_473\Debug\PWM_GreenYellow.lst -ffunction-sections -c .\Generated_Source\PSoC4\PWM_GreenYellow.c -o .\CortexM0\ARM_GCC_473\Debug\PWM_GreenYellow.o
arm-none-eabi-gcc.exe -I. -I./Generated_Source/PSoC4 -Wno-main -mcpu=cortex-m0 -mthumb -Wall -g -D DEBUG -Wa,-alh=.\CortexM0\ARM_GCC_473\Debug\PWM_GreenYellow_PM.lst -ffunction-sections -c .\Generated_Source\PSoC4\PWM_GreenYellow_PM.c -o .\CortexM0\ARM_GCC_473\Debug\PWM_GreenYellow_PM.o
arm-none-eabi-gcc.exe -I. -I./Generated_Source/PSoC4 -Wno-main -mcpu=cortex-m0 -mthumb -Wall -g -D DEBUG -Wa,-alh=.\CortexM0\ARM_GCC_473\Debug\PWM_BlueWhite.lst -ffunction-sections -c .\Generated_Source\PSoC4\PWM_BlueWhite.c -o .\CortexM0\ARM_GCC_473\Debug\PWM_BlueWhite.o
arm-none-eabi-gcc.exe -I. -I./Generated_Source/PSoC4 -Wno-main -mcpu=cortex-m0 -mthumb -Wall -g -D DEBUG -Wa,-alh=.\CortexM0\ARM_GCC_473\Debug\PWM_BlueWhite_PM.lst -ffunction-sections -c .\Generated_Source\PSoC4\PWM_BlueWhite_PM.c -o .\CortexM0\ARM_GCC_473\Debug\PWM_BlueWhite_PM.o
arm-none-eabi-gcc.exe -I. -I./Generated_Source/PSoC4 -Wno-main -mcpu=cortex-m0 -mthumb -Wall -g -D DEBUG -Wa,-alh=.\CortexM0\ARM_GCC_473\Debug\White.lst -ffunction-sections -c .\Generated_Source\PSoC4\White.c -o .\CortexM0\ARM_GCC_473\Debug\White.o
arm-none-eabi-ar.exe -rs ".\CortexM0\ARM_GCC_473\Debug\Bootloadable Blinking LED.a" .\CortexM0\ARM_GCC_473\Debug\cyfitter_cfg.o .\CortexM0\ARM_GCC_473\Debug\Bootloadable.o .\CortexM0\ARM_GCC_473\Debug\CyBootAsmGnu.o .\CortexM0\ARM_GCC_473\Debug\CyFlash.o .\CortexM0\ARM_GCC_473\Debug\CyLib.o .\CortexM0\ARM_GCC_473\Debug\cyPm.o .\CortexM0\ARM_GCC_473\Debug\cyutils.o .\CortexM0\ARM_GCC_473\Debug\Clock_1.o .\CortexM0\ARM_GCC_473\Debug\PWM_Red.o .\CortexM0\ARM_GCC_473\Debug\PWM_Red_PM.o .\CortexM0\ARM_GCC_473\Debug\Clock_2.o .\CortexM0\ARM_GCC_473\Debug\Clock_3.o .\CortexM0\ARM_GCC_473\Debug\Green.o .\CortexM0\ARM_GCC_473\Debug\Yellow.o .\CortexM0\ARM_GCC_473\Debug\Blue.o .\CortexM0\ARM_GCC_473\Debug\Red.o .\CortexM0\ARM_GCC_473\Debug\PWM_GreenYellow.o .\CortexM0\ARM_GCC_473\Debug\PWM_GreenYellow_PM.o .\CortexM0\ARM_GCC_473\Debug\PWM_BlueWhite.o .\CortexM0\ARM_GCC_473\Debug\PWM_BlueWhite_PM.o .\CortexM0\ARM_GCC_473\Debug\White.o
arm-none-eabi-ar.exe: creating .\CortexM0\ARM_GCC_473\Debug\Bootloadable Blinking LED.a
arm-none-eabi-gcc.exe -mthumb -march=armv6-m -T .\Generated_Source\PSoC4\cm0gcc.ld -g "-Wl,-Map,.\CortexM0\ARM_GCC_473\Debug\Bootloadable Blinking LED.map" -specs=nano.specs -Wl,--gc-sections -Wl,--start-group -o ".\CortexM0\ARM_GCC_473\Debug\Bootloadable Blinking LED.elf" .\CortexM0\ARM_GCC_473\Debug\main.o .\CortexM0\ARM_GCC_473\Debug\cybootloader.o .\CortexM0\ARM_GCC_473\Debug\cymetadata.o .\CortexM0\ARM_GCC_473\Debug\Cm0Start.o ".\CortexM0\ARM_GCC_473\Debug\Bootloadable Blinking LED.a" "C:\Program Files (x86)\Cypress\PSoC Creator\3.0\PSoC Creator\psoc\content\cycomponentlibrary\CyComponentLibrary.cylib\CortexM0\ARM_GCC_473\Debug\CyComponentLibrary.a" -Wl,--end-group
cyelftool.exe -B "C:\Users\Terrance\Documents\PSoC Creator\SCB_Bootloader_42xx\Bootloadable Blinking LED.cydsn\CortexM0\ARM_GCC_473\Debug\Bootloadable Blinking LED.elf" --flash_row_size 128 --flash_size 32768 --flash_array_size 32768
cyelftool.exe -S "C:\Users\Terrance\Documents\PSoC Creator\SCB_Bootloader_42xx\Bootloadable Blinking LED.cydsn\CortexM0\ARM_GCC_473\Debug\Bootloadable Blinking LED.elf"
Flash used: 7542 of 32768 bytes (23.0 %).
SRAM used: 1536 of 4096 bytes (37.5 %).
--------------- Build Succeeded: 08/01/2014 11:59:20 ---------------
